<?xml version="1.0" encoding="UTF-8"?>
<!-- Generated by org.testng.reporters.JUnitReportReporter -->
<testsuite skipped="0" hostname="arfeen-PC" name="home.TestAmazonSearch" tests="1" failures="0" timestamp="11 Oct 2017 18:53:25 GMT" time="29.172" errors="0">
  <testcase name="testHome" time="29.172" classname="home.TestAmazonSearch"/>
</testsuite> <!-- home.TestAmazonSearch -->
