<?xml version="1.0" encoding="UTF-8"?>
<!-- Generated by org.testng.reporters.JUnitReportReporter -->
<testsuite skipped="0" hostname="arfeen-PC" name="page.TestAmazonSearch" tests="1" failures="0" timestamp="10 Oct 2017 06:04:34 GMT" time="50.999" errors="0">
  <testcase name="testHome" time="50.999" classname="page.TestAmazonSearch"/>
</testsuite> <!-- page.TestAmazonSearch -->
