<?xml version="1.0" encoding="UTF-8"?>
<!-- Generated by org.testng.reporters.JUnitReportReporter -->
<testsuite skipped="0" hostname="arfeen-PC" name="page.TestAmazonSearch" tests="1" failures="0" timestamp="09 Oct 2017 01:59:52 GMT" time="43.327" errors="0">
  <testcase name="testHome" time="43.327" classname="page.TestAmazonSearch"/>
</testsuite> <!-- page.TestAmazonSearch -->
