<?xml version="1.0" encoding="UTF-8"?>
<!-- Generated by org.testng.reporters.JUnitReportReporter -->
<testsuite skipped="0" hostname="arfeen-PC" name="page.TestAmazonSearch" tests="1" failures="0" timestamp="19 Sep 2017 02:27:20 GMT" time="35.477" errors="0">
  <testcase name="testHome" time="35.477" classname="page.TestAmazonSearch"/>
</testsuite> <!-- page.TestAmazonSearch -->
