<?xml version="1.0" encoding="UTF-8"?>
<!-- Generated by org.testng.reporters.JUnitReportReporter -->
<testsuite skipped="0" hostname="arfeen-PC" name="walmartTesting.TestWalmartWeb" tests="1" failures="0" timestamp="11 Oct 2017 18:54:17 GMT" time="43.412" errors="0">
  <testcase name="testHome" time="43.412" classname="walmartTesting.TestWalmartWeb"/>
</testsuite> <!-- walmartTesting.TestWalmartWeb -->
