<?xml version="1.0" encoding="UTF-8"?>
<!-- Generated by org.testng.reporters.JUnitReportReporter -->
<testsuite skipped="0" hostname="arfeen-PC" name="walmartTesting.TestWalmartWeb" tests="1" failures="0" timestamp="09 Oct 2017 01:55:32 GMT" time="41.984" errors="0">
  <testcase name="testHome" time="41.984" classname="walmartTesting.TestWalmartWeb"/>
</testsuite> <!-- walmartTesting.TestWalmartWeb -->
