<?xml version="1.0" encoding="UTF-8"?>
<!-- Generated by org.testng.reporters.JUnitReportReporter -->
<testsuite skipped="0" hostname="arfeen-PC" name="walmartTesting.TestWalmartWeb" tests="1" failures="0" timestamp="19 Sep 2017 02:28:12 GMT" time="47.119" errors="0">
  <testcase name="testHome" time="47.119" classname="walmartTesting.TestWalmartWeb"/>
</testsuite> <!-- walmartTesting.TestWalmartWeb -->
